<?xml version="1.0" encoding="UTF-8"?>
<testng-results ignored="0" total="3" passed="3" failed="0" skipped="0">
  <reporter-output>
  </reporter-output>
  <suite started-at="2021-10-28T22:57:07 IST" name="Default suite" finished-at="2021-10-28T22:57:22 IST" duration-ms="15266">
    <groups>
    </groups>
    <test started-at="2021-10-28T22:57:07 IST" name="Default test" finished-at="2021-10-28T22:57:22 IST" duration-ms="15266">
      <class name="com.qa.ecom.testcases.LoginPageTest">
        <test-method is-config="true" signature="setUp()[pri:0, instance:com.qa.ecom.testcases.LoginPageTest@794cb805]" started-at="2021-10-28T22:57:07 IST" name="setUp" finished-at="2021-10-28T22:57:13 IST" duration-ms="5414" status="PASS">
          <reporter-output>
          </reporter-output>
        </test-method> <!-- setUp -->
        <test-method signature="loginPageTitleTest()[pri:0, instance:com.qa.ecom.testcases.LoginPageTest@794cb805]" started-at="2021-10-28T22:57:13 IST" name="loginPageTitleTest" finished-at="2021-10-28T22:57:13 IST" duration-ms="37" status="PASS">
          <reporter-output>
          </reporter-output>
        </test-method> <!-- loginPageTitleTest -->
        <test-method is-config="true" signature="tearDown()[pri:0, instance:com.qa.ecom.testcases.LoginPageTest@794cb805]" started-at="2021-10-28T22:57:13 IST" name="tearDown" finished-at="2021-10-28T22:57:13 IST" duration-ms="723" status="PASS">
          <reporter-output>
          </reporter-output>
        </test-method> <!-- tearDown -->
        <test-method is-config="true" signature="setUp()[pri:0, instance:com.qa.ecom.testcases.LoginPageTest@794cb805]" started-at="2021-10-28T22:57:13 IST" name="setUp" finished-at="2021-10-28T22:57:17 IST" duration-ms="3460" status="PASS">
          <reporter-output>
          </reporter-output>
        </test-method> <!-- setUp -->
        <test-method signature="loginTest()[pri:0, instance:com.qa.ecom.testcases.LoginPageTest@794cb805]" started-at="2021-10-28T22:57:17 IST" name="loginTest" finished-at="2021-10-28T22:57:17 IST" duration-ms="645" status="PASS">
          <reporter-output>
          </reporter-output>
        </test-method> <!-- loginTest -->
        <test-method is-config="true" signature="tearDown()[pri:0, instance:com.qa.ecom.testcases.LoginPageTest@794cb805]" started-at="2021-10-28T22:57:17 IST" name="tearDown" finished-at="2021-10-28T22:57:18 IST" duration-ms="752" status="PASS">
          <reporter-output>
          </reporter-output>
        </test-method> <!-- tearDown -->
        <test-method is-config="true" signature="setUp()[pri:0, instance:com.qa.ecom.testcases.LoginPageTest@794cb805]" started-at="2021-10-28T22:57:18 IST" name="setUp" finished-at="2021-10-28T22:57:22 IST" duration-ms="3336" status="PASS">
          <reporter-output>
          </reporter-output>
        </test-method> <!-- setUp -->
        <test-method signature="yourStoreLinkTest()[pri:0, instance:com.qa.ecom.testcases.LoginPageTest@794cb805]" started-at="2021-10-28T22:57:22 IST" name="yourStoreLinkTest" finished-at="2021-10-28T22:57:22 IST" duration-ms="117" status="PASS">
          <reporter-output>
          </reporter-output>
        </test-method> <!-- yourStoreLinkTest -->
        <test-method is-config="true" signature="tearDown()[pri:0, instance:com.qa.ecom.testcases.LoginPageTest@794cb805]" started-at="2021-10-28T22:57:22 IST" name="tearDown" finished-at="2021-10-28T22:57:22 IST" duration-ms="700" status="PASS">
          <reporter-output>
          </reporter-output>
        </test-method> <!-- tearDown -->
      </class> <!-- com.qa.ecom.testcases.LoginPageTest -->
    </test> <!-- Default test -->
  </suite> <!-- Default suite -->
</testng-results>
