<?xml version="1.0" encoding="UTF-8"?>
<!-- Generated by org.testng.reporters.JUnitXMLReporter -->
<testsuite ignored="0" hostname="DESKTOP-A33VMNV" failures="0" tests="3" name="Default test" time="15.266" errors="0" timestamp="2021-10-28T22:57:22 IST">
  <testcase classname="com.qa.ecom.testcases.LoginPageTest" name="loginPageTitleTest" time="0.037"/>
  <testcase classname="com.qa.ecom.testcases.LoginPageTest" name="loginTest" time="0.645"/>
  <testcase classname="com.qa.ecom.testcases.LoginPageTest" name="yourStoreLinkTest" time="0.117"/>
</testsuite> <!-- Default test -->
